C:\USERS\BENJAMIN\DESKTOP\NOUVEAU\GESTACCUEIL\RELEASE\GESTACCUEIL.PCH
C:\USERS\BENJAMIN\DESKTOP\NOUVEAU\GESTACCUEIL\RELEASE\STDAFX.OBJ
C:\USERS\BENJAMIN\DESKTOP\NOUVEAU\GESTACCUEIL\RELEASE\VC110.PDB
C:\USERS\BENJAMIN\DESKTOP\NOUVEAU\GESTACCUEIL\RELEASE\VISITEUR.OBJ
C:\USERS\BENJAMIN\DESKTOP\NOUVEAU\GESTACCUEIL\RELEASE\GESTACCUEIL.OBJ
C:\USERS\BENJAMIN\DESKTOP\NOUVEAU\GESTACCUEIL\RELEASE\FORMULAIRE.OBJ
C:\USERS\BENJAMIN\DESKTOP\NOUVEAU\GESTACCUEIL\RELEASE\COURRIER.OBJ
C:\USERS\BENJAMIN\DESKTOP\NOUVEAU\GESTACCUEIL\RELEASE\ASSEMBLYINFO.OBJ
C:\USERS\BENJAMIN\DESKTOP\NOUVEAU\GESTACCUEIL\RELEASE\ACCUEIL.OBJ
C:\USERS\BENJAMIN\DESKTOP\NOUVEAU\GESTACCUEIL\RELEASE\ACCEUIL1.OBJ
C:\USERS\BENJAMIN\DESKTOP\NOUVEAU\GESTACCUEIL\RELEASE\.NETFRAMEWORK,VERSION=V4.5.ASSEMBLYATTRIBUTES.OBJ
C:\Users\Benjamin\Desktop\Nouveau\GestAccueil\Release\GestAccueil.accueil.resources
C:\Users\Benjamin\Desktop\Nouveau\GestAccueil\Release\GestAccueil.courrier.resources
C:\Users\Benjamin\Desktop\Nouveau\GestAccueil\Release\GestAccueil.Form1.resources
C:\Users\Benjamin\Desktop\Nouveau\GestAccueil\Release\GestAccueil.formulaire.resources
C:\Users\Benjamin\Desktop\Nouveau\GestAccueil\Release\GestAccueil.visiteur.resources
C:\USERS\BENJAMIN\DESKTOP\NOUVEAU\RELEASE\GESTACCUEIL.EXE
C:\USERS\BENJAMIN\DESKTOP\NOUVEAU\RELEASE\GESTACCUEIL.PDB
C:\USERS\BENJAMIN\DESKTOP\NOUVEAU\GESTACCUEIL\RELEASE\APP.RES
C:\Users\Benjamin\Desktop\Nouveau\GestAccueil\Release\GestAccueil.vcxproj.GenerateResource.Cache
C:\Users\Benjamin\Desktop\Nouveau\GestAccueil\Release\GestAccueil.vcxprojResolveAssemblyReference.cache
C:\Users\Benjamin\Desktop\Nouveau\GestAccueil\Release\.NETFramework,Version=v4.5.AssemblyAttributes.obj
C:\Users\Benjamin\Desktop\Nouveau\GestAccueil\Release\acceuil1.obj
C:\Users\Benjamin\Desktop\Nouveau\GestAccueil\Release\accueil.obj
C:\Users\Benjamin\Desktop\Nouveau\GestAccueil\Release\AssemblyInfo.obj
C:\Users\Benjamin\Desktop\Nouveau\GestAccueil\Release\courrier.obj
C:\Users\Benjamin\Desktop\Nouveau\GestAccueil\Release\formulaire.obj
C:\Users\Benjamin\Desktop\Nouveau\GestAccueil\Release\GestAccueil.obj
C:\Users\Benjamin\Desktop\Nouveau\GestAccueil\Release\stdafx.obj
C:\Users\Benjamin\Desktop\Nouveau\GestAccueil\Release\visiteur.obj
C:\Users\Benjamin\Desktop\Nouveau\GestAccueil\Release\cl.command.1.tlog
C:\Users\Benjamin\Desktop\Nouveau\GestAccueil\Release\CL.read.1.tlog
C:\Users\Benjamin\Desktop\Nouveau\GestAccueil\Release\CL.write.1.tlog
C:\Users\Benjamin\Desktop\Nouveau\GestAccueil\Release\GestAccueil.write.1.tlog
C:\Users\Benjamin\Desktop\Nouveau\GestAccueil\Release\link-cvtres.read.1.tlog
C:\Users\Benjamin\Desktop\Nouveau\GestAccueil\Release\link-cvtres.write.1.tlog
C:\Users\Benjamin\Desktop\Nouveau\GestAccueil\Release\link-rc.read.1.tlog
C:\Users\Benjamin\Desktop\Nouveau\GestAccueil\Release\link-rc.write.1.tlog
C:\Users\Benjamin\Desktop\Nouveau\GestAccueil\Release\link.command.1.tlog
C:\Users\Benjamin\Desktop\Nouveau\GestAccueil\Release\link.read.1.tlog
C:\Users\Benjamin\Desktop\Nouveau\GestAccueil\Release\link.write.1.tlog
C:\Users\Benjamin\Desktop\Nouveau\GestAccueil\Release\metagen.read.1.tlog
C:\Users\Benjamin\Desktop\Nouveau\GestAccueil\Release\metagen.write.1.tlog
C:\Users\Benjamin\Desktop\Nouveau\GestAccueil\Release\rc.command.1.tlog
C:\Users\Benjamin\Desktop\Nouveau\GestAccueil\Release\rc.read.1.tlog
C:\Users\Benjamin\Desktop\Nouveau\GestAccueil\Release\rc.write.1.tlog
C:\Users\Benjamin\Desktop\Nouveau\GestAccueil\Release\app.res
C:\Users\Benjamin\Desktop\Nouveau\GestAccueil\Release\GestAccueil.pch
C:\Users\Benjamin\Desktop\Nouveau\GestAccueil\Release\vc110.pdb
C:\Users\Benjamin\Desktop\Nouveau\GestAccueil\Release\RSAENH.DLL.bi
C:\Users\Benjamin\Desktop\Nouveau\GestAccueil\Release\TZRES.DLL.bi
C:\Users\Benjamin\Desktop\Nouveau\Release\GestAccueil.pdb
C:\Users\Benjamin\Desktop\Nouveau\Release\GestAccueil.exe
